DEBUG:root:FileName::InitRootInode
DEBUG:root:InodeNumber::InodeNumberToInode: 0
DEBUG:root:Get: 10
DEBUG:root:block_number: 10, server_index: 0, server_block_index:5, parity_server: 2
DEBUG:root:GET server_index: 0, block_number: 5
DEBUG:root:Datablock: 00000000000000000000000000000000000000000000000000000000000000000000000000000000000000000000000000000000000000000000000000000000
DEBUG:root:InodeNumber::InodeNumberToInode: inode_number 0 raw_block_number: 10 slice start: 0 end: 64
DEBUG:root:inode_slice: 00000000000000000000000000000000000000000000000000000000000000000000000000000000000000000000000000000000000000000000000000000000
DEBUG:root:FileName::InitRootInode: calling AllocateDataBlock
DEBUG:root:FileName::AllocateDataBlock: 
DEBUG:root:Get: 2
DEBUG:root:block_number: 2, server_index: 0, server_block_index:1, parity_server: 1
DEBUG:root:GET server_index: 0, block_number: 1
DEBUG:root:Datablock: 00000000000000000000000000000000000000000000000000000000000000000000000000000000000000000000000000000000000000000000000000000000
DEBUG:root:Put: block number 2 len 64
00000000000000000000000000000000000000000000000000000000000000000000000000000000000001000000000000000000000000000000000000000000
DEBUG:root:block_number: 2, server_index: 0, server_block_index:1, parity_server: 1
DEBUG:root:GET server_index: 0, block_number: 1
DEBUG:root:Datablock: 00000000000000000000000000000000000000000000000000000000000000000000000000000000000000000000000000000000000000000000000000000000
DEBUG:root:PUT server_index: 0, block_number: 1, data: 00000000000000000000000000000000000000000000000000000000000000000000000000000000000001000000000000000000000000000000000000000000
DEBUG:root:GET server_index: 1, block_number: 1
DEBUG:root:Datablock: 00000000000000000000000000000000000000000000000000000000000000000000000000000000000000000000000000000000000000000000000000000000
DEBUG:root:PUT server_index: 1, block_number: 1, data: 00000000000000000000000000000000000000000000000000000000000000000000000000000000000001000000000000000000000000000000000000000000
DEBUG:root:FileName::AllocateDataBlock: allocated 42
DEBUG:root:FileName::InitRootInode: calling InsertFilenameInodeNumber
DEBUG:root:FileName::InsertFilenameInodeNumber: ., 0
DEBUG:root:Get: 42
DEBUG:root:block_number: 42, server_index: 1, server_block_index:21, parity_server: 0
DEBUG:root:GET server_index: 1, block_number: 21
DEBUG:root:Datablock: 00000000000000000000000000000000000000000000000000000000000000000000000000000000000000000000000000000000000000000000000000000000
DEBUG:root:FileName::InsertFilenameInodeNumber: block read 
00000000000000000000000000000000000000000000000000000000000000000000000000000000000000000000000000000000000000000000000000000000
DEBUG:root:FileName::InsertFilenameInodeNumber: string_start 0, string_end 12
DEBUG:root:FileName::InsertFilenameInodeNumber: inode_start 12, inode_end 16
DEBUG:root:Put: block number 42 len 64
2e000000000000000000000000000000000000000000000000000000000000000000000000000000000000000000000000000000000000000000000000000000
DEBUG:root:block_number: 42, server_index: 1, server_block_index:21, parity_server: 0
DEBUG:root:GET server_index: 1, block_number: 21
DEBUG:root:Datablock: 00000000000000000000000000000000000000000000000000000000000000000000000000000000000000000000000000000000000000000000000000000000
DEBUG:root:PUT server_index: 1, block_number: 21, data: 2e000000000000000000000000000000000000000000000000000000000000000000000000000000000000000000000000000000000000000000000000000000
DEBUG:root:GET server_index: 0, block_number: 21
DEBUG:root:Datablock: 00000000000000000000000000000000000000000000000000000000000000000000000000000000000000000000000000000000000000000000000000000000
DEBUG:root:PUT server_index: 0, block_number: 21, data: 2e000000000000000000000000000000000000000000000000000000000000000000000000000000000000000000000000000000000000000000000000000000
DEBUG:root:FileName::InsertFilenameInodeNumber: insert_to.inode.size 0
DEBUG:root:InodeNumber::StoreInode: 0
DEBUG:root:InodeNumber::StoreInode: inode_table_raw_block_number 10
DEBUG:root:Get: 10
DEBUG:root:block_number: 10, server_index: 0, server_block_index:5, parity_server: 2
DEBUG:root:GET server_index: 0, block_number: 5
DEBUG:root:Datablock: 00000000000000000000000000000000000000000000000000000000000000000000000000000000000000000000000000000000000000000000000000000000
DEBUG:root:InodeNumber::StoreInode: inode_table_raw_block:
00000000000000000000000000000000000000000000000000000000000000000000000000000000000000000000000000000000000000000000000000000000
DEBUG:root:InodeNumber::StoreInode: start: 0, end: 64
DEBUG:root:InodeNumber::StoreInode: tempblock:
00000010000200010000002a00000000000000000000000000000000000000000000000000000000000000000000000000000000000000000000000000000000
DEBUG:root:Put: block number 10 len 64
00000010000200010000002a00000000000000000000000000000000000000000000000000000000000000000000000000000000000000000000000000000000
DEBUG:root:block_number: 10, server_index: 0, server_block_index:5, parity_server: 2
DEBUG:root:GET server_index: 0, block_number: 5
DEBUG:root:Datablock: 00000000000000000000000000000000000000000000000000000000000000000000000000000000000000000000000000000000000000000000000000000000
DEBUG:root:PUT server_index: 0, block_number: 5, data: 00000010000200010000002a00000000000000000000000000000000000000000000000000000000000000000000000000000000000000000000000000000000
DEBUG:root:GET server_index: 2, block_number: 5
DEBUG:root:Datablock: 00000000000000000000000000000000000000000000000000000000000000000000000000000000000000000000000000000000000000000000000000000000
DEBUG:root:PUT server_index: 2, block_number: 5, data: 00000010000200010000002a00000000000000000000000000000000000000000000000000000000000000000000000000000000000000000000000000000000
DEBUG:root:FileName::InitRootInode: calling StoreInode
DEBUG:root:InodeNumber::StoreInode: 0
DEBUG:root:InodeNumber::StoreInode: inode_table_raw_block_number 10
DEBUG:root:Get: 10
DEBUG:root:block_number: 10, server_index: 0, server_block_index:5, parity_server: 2
DEBUG:root:GET server_index: 0, block_number: 5
DEBUG:root:Datablock: 00000010000200010000002a00000000000000000000000000000000000000000000000000000000000000000000000000000000000000000000000000000000
DEBUG:root:InodeNumber::StoreInode: inode_table_raw_block:
00000010000200010000002a00000000000000000000000000000000000000000000000000000000000000000000000000000000000000000000000000000000
DEBUG:root:InodeNumber::StoreInode: start: 0, end: 64
DEBUG:root:InodeNumber::StoreInode: tempblock:
00000010000200010000002a00000000000000000000000000000000000000000000000000000000000000000000000000000000000000000000000000000000
DEBUG:root:Put: block number 10 len 64
00000010000200010000002a00000000000000000000000000000000000000000000000000000000000000000000000000000000000000000000000000000000
DEBUG:root:block_number: 10, server_index: 0, server_block_index:5, parity_server: 2
DEBUG:root:GET server_index: 0, block_number: 5
DEBUG:root:Datablock: 00000010000200010000002a00000000000000000000000000000000000000000000000000000000000000000000000000000000000000000000000000000000
DEBUG:root:PUT server_index: 0, block_number: 5, data: 00000010000200010000002a00000000000000000000000000000000000000000000000000000000000000000000000000000000000000000000000000000000
DEBUG:root:GET server_index: 2, block_number: 5
DEBUG:root:Datablock: 00000010000200010000002a00000000000000000000000000000000000000000000000000000000000000000000000000000000000000000000000000000000
DEBUG:root:PUT server_index: 2, block_number: 5, data: 00000010000200010000002a00000000000000000000000000000000000000000000000000000000000000000000000000000000000000000000000000000000
DEBUG:root:Acquire
DEBUG:root:RSM: 511
DEBUG:root:RSM_BLOCK Lock value: bytearray(b'\x00\x00\x00\x00\x00\x00\x00\x00\x00\x00\x00\x00\x00\x00\x00\x00\x00\x00\x00\x00\x00\x00\x00\x00\x00\x00\x00\x00\x00\x00\x00\x00\x00\x00\x00\x00\x00\x00\x00\x00\x00\x00\x00\x00\x00\x00\x00\x00\x00\x00\x00\x00\x00\x00\x00\x00\x00\x00\x00\x00\x00\x00\x00\x00')
DEBUG:root:FileOperations::Create: dir: 0, name: f1, type: 1
DEBUG:root:FileName::FindAvailableInode: 
DEBUG:root:InodeNumber::InodeNumberToInode: 0
DEBUG:root:Get: 10
DEBUG:root:block_number: 10, server_index: 0, server_block_index:5, parity_server: 2
DEBUG:root:GET server_index: 0, block_number: 5
DEBUG:root:Datablock: 00000010000200010000002a00000000000000000000000000000000000000000000000000000000000000000000000000000000000000000000000000000000
DEBUG:root:InodeNumber::InodeNumberToInode: inode_number 0 raw_block_number: 10 slice start: 0 end: 64
DEBUG:root:inode_slice: 00000010000200010000002a00000000000000000000000000000000000000000000000000000000000000000000000000000000000000000000000000000000
DEBUG:root:InodeNumber::InodeNumberToInode: 1
DEBUG:root:Get: 11
DEBUG:root:block_number: 11, server_index: 1, server_block_index:5, parity_server: 2
DEBUG:root:GET server_index: 1, block_number: 5
DEBUG:root:Datablock: 00000000000000000000000000000000000000000000000000000000000000000000000000000000000000000000000000000000000000000000000000000000
DEBUG:root:InodeNumber::InodeNumberToInode: inode_number 1 raw_block_number: 11 slice start: 0 end: 64
DEBUG:root:inode_slice: 00000000000000000000000000000000000000000000000000000000000000000000000000000000000000000000000000000000000000000000000000000000
DEBUG:root:FileName::FindAvailableInode: 1
DEBUG:root:InodeNumber::InodeNumberToInode: 0
DEBUG:root:Get: 10
DEBUG:root:block_number: 10, server_index: 0, server_block_index:5, parity_server: 2
DEBUG:root:GET server_index: 0, block_number: 5
DEBUG:root:Datablock: 00000010000200010000002a00000000000000000000000000000000000000000000000000000000000000000000000000000000000000000000000000000000
DEBUG:root:InodeNumber::InodeNumberToInode: inode_number 0 raw_block_number: 10 slice start: 0 end: 64
DEBUG:root:inode_slice: 00000010000200010000002a00000000000000000000000000000000000000000000000000000000000000000000000000000000000000000000000000000000
DEBUG:root:FileName::FindAvailableFileEntry: dir: 0
DEBUG:root:InodeNumber::InodeNumberToInode: 0
DEBUG:root:Get: 10
DEBUG:root:block_number: 10, server_index: 0, server_block_index:5, parity_server: 2
DEBUG:root:GET server_index: 0, block_number: 5
DEBUG:root:Datablock: 00000010000200010000002a00000000000000000000000000000000000000000000000000000000000000000000000000000000000000000000000000000000
DEBUG:root:InodeNumber::InodeNumberToInode: inode_number 0 raw_block_number: 10 slice start: 0 end: 64
DEBUG:root:inode_slice: 00000010000200010000002a00000000000000000000000000000000000000000000000000000000000000000000000000000000000000000000000000000000
DEBUG:root:FileName::FindAvailableFileEntry: 16
DEBUG:root:FileName::Lookup: f1, 0
DEBUG:root:InodeNumber::InodeNumberToInode: 0
DEBUG:root:Get: 10
DEBUG:root:block_number: 10, server_index: 0, server_block_index:5, parity_server: 2
DEBUG:root:GET server_index: 0, block_number: 5
DEBUG:root:Datablock: 00000010000200010000002a00000000000000000000000000000000000000000000000000000000000000000000000000000000000000000000000000000000
DEBUG:root:InodeNumber::InodeNumberToInode: inode_number 0 raw_block_number: 10 slice start: 0 end: 64
DEBUG:root:inode_slice: 00000010000200010000002a00000000000000000000000000000000000000000000000000000000000000000000000000000000000000000000000000000000
DEBUG:root:InodeNumber::InodeNumberToBlock: 0
DEBUG:root:InodeNumber::InodeNumberToInode: 0
DEBUG:root:Get: 10
DEBUG:root:block_number: 10, server_index: 0, server_block_index:5, parity_server: 2
DEBUG:root:GET server_index: 0, block_number: 5
DEBUG:root:Datablock: 00000010000200010000002a00000000000000000000000000000000000000000000000000000000000000000000000000000000000000000000000000000000
DEBUG:root:InodeNumber::InodeNumberToInode: inode_number 0 raw_block_number: 10 slice start: 0 end: 64
DEBUG:root:inode_slice: 00000010000200010000002a00000000000000000000000000000000000000000000000000000000000000000000000000000000000000000000000000000000
DEBUG:root:Get: 42
DEBUG:root:block_number: 42, server_index: 1, server_block_index:21, parity_server: 0
DEBUG:root:GET server_index: 1, block_number: 21
DEBUG:root:Datablock: 2e000000000000000000000000000000000000000000000000000000000000000000000000000000000000000000000000000000000000000000000000000000
DEBUG:root:FileName::HelperGetFilenameString: 2e000000000000000000000000000000000000000000000000000000000000000000000000000000000000000000000000000000000000000000000000000000, 0
DEBUG:root:FileName::Lookup for f1 in 0: searching string bytearray(b'.\x00\x00\x00\x00\x00\x00\x00\x00\x00\x00\x00')
DEBUG:root:FileName::Lookup: file not found: f1 in 0
DEBUG:root:FileOperations::Create: inode_position: 1, fileentry_position: 16
DEBUG:root:InodeNumber::InodeNumberToInode: 1
DEBUG:root:Get: 11
DEBUG:root:block_number: 11, server_index: 1, server_block_index:5, parity_server: 2
DEBUG:root:GET server_index: 1, block_number: 5
DEBUG:root:Datablock: 00000000000000000000000000000000000000000000000000000000000000000000000000000000000000000000000000000000000000000000000000000000
DEBUG:root:InodeNumber::InodeNumberToInode: inode_number 1 raw_block_number: 11 slice start: 0 end: 64
DEBUG:root:inode_slice: 00000000000000000000000000000000000000000000000000000000000000000000000000000000000000000000000000000000000000000000000000000000
DEBUG:root:InodeNumber::StoreInode: 1
DEBUG:root:InodeNumber::StoreInode: inode_table_raw_block_number 11
DEBUG:root:Get: 11
DEBUG:root:block_number: 11, server_index: 1, server_block_index:5, parity_server: 2
DEBUG:root:GET server_index: 1, block_number: 5
DEBUG:root:Datablock: 00000000000000000000000000000000000000000000000000000000000000000000000000000000000000000000000000000000000000000000000000000000
DEBUG:root:InodeNumber::StoreInode: inode_table_raw_block:
00000000000000000000000000000000000000000000000000000000000000000000000000000000000000000000000000000000000000000000000000000000
DEBUG:root:InodeNumber::StoreInode: start: 0, end: 64
DEBUG:root:InodeNumber::StoreInode: tempblock:
00000000000100010000000000000000000000000000000000000000000000000000000000000000000000000000000000000000000000000000000000000000
DEBUG:root:Put: block number 11 len 64
00000000000100010000000000000000000000000000000000000000000000000000000000000000000000000000000000000000000000000000000000000000
DEBUG:root:block_number: 11, server_index: 1, server_block_index:5, parity_server: 2
DEBUG:root:GET server_index: 1, block_number: 5
DEBUG:root:Datablock: 00000000000000000000000000000000000000000000000000000000000000000000000000000000000000000000000000000000000000000000000000000000
DEBUG:root:PUT server_index: 1, block_number: 5, data: 00000000000100010000000000000000000000000000000000000000000000000000000000000000000000000000000000000000000000000000000000000000
DEBUG:root:GET server_index: 2, block_number: 5
DEBUG:root:Datablock: 00000010000200010000002a00000000000000000000000000000000000000000000000000000000000000000000000000000000000000000000000000000000
DEBUG:root:PUT server_index: 2, block_number: 5, data: 00000010000300000000002a00000000000000000000000000000000000000000000000000000000000000000000000000000000000000000000000000000000
DEBUG:root:FileName::InsertFilenameInodeNumber: f1, 1
DEBUG:root:Get: 42
DEBUG:root:block_number: 42, server_index: 1, server_block_index:21, parity_server: 0
DEBUG:root:GET server_index: 1, block_number: 21
DEBUG:root:Datablock: 2e000000000000000000000000000000000000000000000000000000000000000000000000000000000000000000000000000000000000000000000000000000
DEBUG:root:FileName::InsertFilenameInodeNumber: block read 
2e000000000000000000000000000000000000000000000000000000000000000000000000000000000000000000000000000000000000000000000000000000
DEBUG:root:FileName::InsertFilenameInodeNumber: string_start 16, string_end 28
DEBUG:root:FileName::InsertFilenameInodeNumber: inode_start 28, inode_end 32
DEBUG:root:Put: block number 42 len 64
2e000000000000000000000000000000663100000000000000000000000000010000000000000000000000000000000000000000000000000000000000000000
DEBUG:root:block_number: 42, server_index: 1, server_block_index:21, parity_server: 0
DEBUG:root:GET server_index: 1, block_number: 21
DEBUG:root:Datablock: 2e000000000000000000000000000000000000000000000000000000000000000000000000000000000000000000000000000000000000000000000000000000
DEBUG:root:PUT server_index: 1, block_number: 21, data: 2e000000000000000000000000000000663100000000000000000000000000010000000000000000000000000000000000000000000000000000000000000000
DEBUG:root:GET server_index: 0, block_number: 21
DEBUG:root:Datablock: 2e000000000000000000000000000000000000000000000000000000000000000000000000000000000000000000000000000000000000000000000000000000
DEBUG:root:PUT server_index: 0, block_number: 21, data: 2e000000000000000000000000000000663100000000000000000000000000010000000000000000000000000000000000000000000000000000000000000000
DEBUG:root:FileName::InsertFilenameInodeNumber: insert_to.inode.size 16
DEBUG:root:InodeNumber::StoreInode: 0
DEBUG:root:InodeNumber::StoreInode: inode_table_raw_block_number 10
DEBUG:root:Get: 10
DEBUG:root:block_number: 10, server_index: 0, server_block_index:5, parity_server: 2
DEBUG:root:GET server_index: 0, block_number: 5
DEBUG:root:Datablock: 00000010000200010000002a00000000000000000000000000000000000000000000000000000000000000000000000000000000000000000000000000000000
DEBUG:root:InodeNumber::StoreInode: inode_table_raw_block:
00000010000200010000002a00000000000000000000000000000000000000000000000000000000000000000000000000000000000000000000000000000000
DEBUG:root:InodeNumber::StoreInode: start: 0, end: 64
DEBUG:root:InodeNumber::StoreInode: tempblock:
00000020000200010000002a00000000000000000000000000000000000000000000000000000000000000000000000000000000000000000000000000000000
DEBUG:root:Put: block number 10 len 64
00000020000200010000002a00000000000000000000000000000000000000000000000000000000000000000000000000000000000000000000000000000000
DEBUG:root:block_number: 10, server_index: 0, server_block_index:5, parity_server: 2
DEBUG:root:GET server_index: 0, block_number: 5
DEBUG:root:Datablock: 00000010000200010000002a00000000000000000000000000000000000000000000000000000000000000000000000000000000000000000000000000000000
DEBUG:root:PUT server_index: 0, block_number: 5, data: 00000020000200010000002a00000000000000000000000000000000000000000000000000000000000000000000000000000000000000000000000000000000
DEBUG:root:GET server_index: 2, block_number: 5
DEBUG:root:Datablock: 00000010000300000000002a00000000000000000000000000000000000000000000000000000000000000000000000000000000000000000000000000000000
DEBUG:root:PUT server_index: 2, block_number: 5, data: 00000020000300000000002a00000000000000000000000000000000000000000000000000000000000000000000000000000000000000000000000000000000
DEBUG:root:InodeNumber::StoreInode: 0
DEBUG:root:InodeNumber::StoreInode: inode_table_raw_block_number 10
DEBUG:root:Get: 10
DEBUG:root:block_number: 10, server_index: 0, server_block_index:5, parity_server: 2
DEBUG:root:GET server_index: 0, block_number: 5
DEBUG:root:Datablock: 00000020000200010000002a00000000000000000000000000000000000000000000000000000000000000000000000000000000000000000000000000000000
DEBUG:root:InodeNumber::StoreInode: inode_table_raw_block:
00000020000200010000002a00000000000000000000000000000000000000000000000000000000000000000000000000000000000000000000000000000000
DEBUG:root:InodeNumber::StoreInode: start: 0, end: 64
DEBUG:root:InodeNumber::StoreInode: tempblock:
00000020000200020000002a00000000000000000000000000000000000000000000000000000000000000000000000000000000000000000000000000000000
DEBUG:root:Put: block number 10 len 64
00000020000200020000002a00000000000000000000000000000000000000000000000000000000000000000000000000000000000000000000000000000000
DEBUG:root:block_number: 10, server_index: 0, server_block_index:5, parity_server: 2
DEBUG:root:GET server_index: 0, block_number: 5
DEBUG:root:Datablock: 00000020000200010000002a00000000000000000000000000000000000000000000000000000000000000000000000000000000000000000000000000000000
DEBUG:root:PUT server_index: 0, block_number: 5, data: 00000020000200020000002a00000000000000000000000000000000000000000000000000000000000000000000000000000000000000000000000000000000
DEBUG:root:GET server_index: 2, block_number: 5
DEBUG:root:Datablock: 00000020000300000000002a00000000000000000000000000000000000000000000000000000000000000000000000000000000000000000000000000000000
DEBUG:root:PUT server_index: 2, block_number: 5, data: 00000020000300030000002a00000000000000000000000000000000000000000000000000000000000000000000000000000000000000000000000000000000
DEBUG:root:Release
DEBUG:root:Acquire
DEBUG:root:RSM: 511
DEBUG:root:RSM_BLOCK Lock value: bytearray(b'\x00\x00\x00\x00\x00\x00\x00\x00\x00\x00\x00\x00\x00\x00\x00\x00\x00\x00\x00\x00\x00\x00\x00\x00\x00\x00\x00\x00\x00\x00\x00\x00\x00\x00\x00\x00\x00\x00\x00\x00\x00\x00\x00\x00\x00\x00\x00\x00\x00\x00\x00\x00\x00\x00\x00\x00\x00\x00\x00\x00\x00\x00\x00\x00')
DEBUG:root:AbsolutePathName::PathNameToInodeNumber: path: f1, cwd: 0
DEBUG:root:AbsolutePathName::GeneralPathToInodeNumber: path: f1, cwd: 0
DEBUG:root:AbsolutePathName::PathToInodeNumber: path: f1, dir: 0
DEBUG:root:FileName::Lookup: f1, 0
DEBUG:root:InodeNumber::InodeNumberToInode: 0
DEBUG:root:Get: 10
DEBUG:root:block_number: 10, server_index: 0, server_block_index:5, parity_server: 2
DEBUG:root:GET server_index: 0, block_number: 5
DEBUG:root:Datablock: 00000020000200020000002a00000000000000000000000000000000000000000000000000000000000000000000000000000000000000000000000000000000
DEBUG:root:InodeNumber::InodeNumberToInode: inode_number 0 raw_block_number: 10 slice start: 0 end: 64
DEBUG:root:inode_slice: 00000020000200020000002a00000000000000000000000000000000000000000000000000000000000000000000000000000000000000000000000000000000
DEBUG:root:InodeNumber::InodeNumberToBlock: 0
DEBUG:root:InodeNumber::InodeNumberToInode: 0
DEBUG:root:Get: 10
DEBUG:root:block_number: 10, server_index: 0, server_block_index:5, parity_server: 2
DEBUG:root:GET server_index: 0, block_number: 5
DEBUG:root:Datablock: 00000020000200020000002a00000000000000000000000000000000000000000000000000000000000000000000000000000000000000000000000000000000
DEBUG:root:InodeNumber::InodeNumberToInode: inode_number 0 raw_block_number: 10 slice start: 0 end: 64
DEBUG:root:inode_slice: 00000020000200020000002a00000000000000000000000000000000000000000000000000000000000000000000000000000000000000000000000000000000
DEBUG:root:Get: 42
DEBUG:root:block_number: 42, server_index: 1, server_block_index:21, parity_server: 0
DEBUG:root:GET server_index: 1, block_number: 21
DEBUG:root:Datablock: 2e000000000000000000000000000000663100000000000000000000000000010000000000000000000000000000000000000000000000000000000000000000
DEBUG:root:FileName::HelperGetFilenameString: 2e000000000000000000000000000000663100000000000000000000000000010000000000000000000000000000000000000000000000000000000000000000, 0
DEBUG:root:FileName::Lookup for f1 in 0: searching string bytearray(b'.\x00\x00\x00\x00\x00\x00\x00\x00\x00\x00\x00')
DEBUG:root:FileName::HelperGetFilenameString: 2e000000000000000000000000000000663100000000000000000000000000010000000000000000000000000000000000000000000000000000000000000000, 1
DEBUG:root:FileName::Lookup for f1 in 0: searching string bytearray(b'f1\x00\x00\x00\x00\x00\x00\x00\x00\x00\x00')
DEBUG:root:FileName::HelperGetFilenameInodeNumber: 2e000000000000000000000000000000663100000000000000000000000000010000000000000000000000000000000000000000000000000000000000000000, 1
DEBUG:root:FileName::Lookup successful: 1
DEBUG:root:InodeNumber::InodeNumberToInode: 1
DEBUG:root:Get: 11
DEBUG:root:block_number: 11, server_index: 1, server_block_index:5, parity_server: 2
DEBUG:root:GET server_index: 1, block_number: 5
DEBUG:root:Datablock: 00000000000100010000000000000000000000000000000000000000000000000000000000000000000000000000000000000000000000000000000000000000
DEBUG:root:InodeNumber::InodeNumberToInode: inode_number 1 raw_block_number: 11 slice start: 0 end: 64
DEBUG:root:inode_slice: 00000000000100010000000000000000000000000000000000000000000000000000000000000000000000000000000000000000000000000000000000000000
DEBUG:root:InodeNumber::InodeNumberToInode: 1
DEBUG:root:Get: 11
DEBUG:root:block_number: 11, server_index: 1, server_block_index:5, parity_server: 2
DEBUG:root:GET server_index: 1, block_number: 5
DEBUG:root:Datablock: 00000000000100010000000000000000000000000000000000000000000000000000000000000000000000000000000000000000000000000000000000000000
DEBUG:root:InodeNumber::InodeNumberToInode: inode_number 1 raw_block_number: 11 slice start: 0 end: 64
DEBUG:root:inode_slice: 00000000000100010000000000000000000000000000000000000000000000000000000000000000000000000000000000000000000000000000000000000000
DEBUG:root:FileOperations::Write: file_inode_number: 1, offset: 0, len(data): 772
DEBUG:root:InodeNumber::InodeNumberToInode: 1
DEBUG:root:Get: 11
DEBUG:root:block_number: 11, server_index: 1, server_block_index:5, parity_server: 2
DEBUG:root:GET server_index: 1, block_number: 5
DEBUG:root:Datablock: 00000000000100010000000000000000000000000000000000000000000000000000000000000000000000000000000000000000000000000000000000000000
DEBUG:root:InodeNumber::InodeNumberToInode: inode_number 1 raw_block_number: 11 slice start: 0 end: 64
DEBUG:root:inode_slice: 00000000000100010000000000000000000000000000000000000000000000000000000000000000000000000000000000000000000000000000000000000000
DEBUG:root:FileOperations::Write: current_block_index: 0 , next_block_boundary: 64
DEBUG:root:FileOperations::Write: write_start: 0 , write_end: 64
DEBUG:root:FileName::AllocateDataBlock: 
DEBUG:root:Get: 2
DEBUG:root:block_number: 2, server_index: 0, server_block_index:1, parity_server: 1
DEBUG:root:GET server_index: 0, block_number: 1
DEBUG:root:Datablock: 00000000000000000000000000000000000000000000000000000000000000000000000000000000000001000000000000000000000000000000000000000000
DEBUG:root:Get: 2
DEBUG:root:block_number: 2, server_index: 0, server_block_index:1, parity_server: 1
DEBUG:root:GET server_index: 0, block_number: 1
DEBUG:root:Datablock: 00000000000000000000000000000000000000000000000000000000000000000000000000000000000001000000000000000000000000000000000000000000
DEBUG:root:Put: block number 2 len 64
00000000000000000000000000000000000000000000000000000000000000000000000000000000000001010000000000000000000000000000000000000000
DEBUG:root:block_number: 2, server_index: 0, server_block_index:1, parity_server: 1
DEBUG:root:GET server_index: 0, block_number: 1
DEBUG:root:Datablock: 00000000000000000000000000000000000000000000000000000000000000000000000000000000000001000000000000000000000000000000000000000000
DEBUG:root:PUT server_index: 0, block_number: 1, data: 00000000000000000000000000000000000000000000000000000000000000000000000000000000000001010000000000000000000000000000000000000000
DEBUG:root:GET server_index: 1, block_number: 1
DEBUG:root:Datablock: 00000000000000000000000000000000000000000000000000000000000000000000000000000000000001000000000000000000000000000000000000000000
DEBUG:root:PUT server_index: 1, block_number: 1, data: 00000000000000000000000000000000000000000000000000000000000000000000000000000000000001010000000000000000000000000000000000000000
DEBUG:root:FileName::AllocateDataBlock: allocated 43
DEBUG:root:Get: 43
DEBUG:root:block_number: 43, server_index: 2, server_block_index:21, parity_server: 0
DEBUG:root:GET server_index: 2, block_number: 21
DEBUG:root:Datablock: 00000000000000000000000000000000000000000000000000000000000000000000000000000000000000000000000000000000000000000000000000000000
DEBUG:root:Put: block number 43 len 64
736b6a666173646b6a61736466666666666666666666666666666666666666666666666666666666666666666666666666666666666666666666666666666666
DEBUG:root:block_number: 43, server_index: 2, server_block_index:21, parity_server: 0
DEBUG:root:GET server_index: 2, block_number: 21
DEBUG:root:Datablock: 00000000000000000000000000000000000000000000000000000000000000000000000000000000000000000000000000000000000000000000000000000000
DEBUG:root:PUT server_index: 2, block_number: 21, data: 736b6a666173646b6a61736466666666666666666666666666666666666666666666666666666666666666666666666666666666666666666666666666666666
DEBUG:root:GET server_index: 0, block_number: 21
DEBUG:root:Datablock: 2e000000000000000000000000000000663100000000000000000000000000010000000000000000000000000000000000000000000000000000000000000000
DEBUG:root:PUT server_index: 0, block_number: 21, data: 5d6b6a666173646b6a61736466666666005766666666666666666666666666676666666666666666666666666666666666666666666666666666666666666666
DEBUG:root:FileOperations::Write: current_offset: 64 , bytes_written: 64 , len(data): 772
DEBUG:root:FileOperations::Write: current_block_index: 1 , next_block_boundary: 128
DEBUG:root:FileOperations::Write: write_start: 0 , write_end: 64
DEBUG:root:FileName::AllocateDataBlock: 
DEBUG:root:Get: 2
DEBUG:root:block_number: 2, server_index: 0, server_block_index:1, parity_server: 1
DEBUG:root:GET server_index: 0, block_number: 1
DEBUG:root:Datablock: 00000000000000000000000000000000000000000000000000000000000000000000000000000000000001010000000000000000000000000000000000000000
DEBUG:root:Get: 2
DEBUG:root:block_number: 2, server_index: 0, server_block_index:1, parity_server: 1
DEBUG:root:GET server_index: 0, block_number: 1
DEBUG:root:Datablock: 00000000000000000000000000000000000000000000000000000000000000000000000000000000000001010000000000000000000000000000000000000000
DEBUG:root:Get: 2
DEBUG:root:block_number: 2, server_index: 0, server_block_index:1, parity_server: 1
DEBUG:root:GET server_index: 0, block_number: 1
DEBUG:root:Datablock: 00000000000000000000000000000000000000000000000000000000000000000000000000000000000001010000000000000000000000000000000000000000
DEBUG:root:Put: block number 2 len 64
00000000000000000000000000000000000000000000000000000000000000000000000000000000000001010100000000000000000000000000000000000000
DEBUG:root:block_number: 2, server_index: 0, server_block_index:1, parity_server: 1
DEBUG:root:GET server_index: 0, block_number: 1
DEBUG:root:Datablock: 00000000000000000000000000000000000000000000000000000000000000000000000000000000000001010000000000000000000000000000000000000000
DEBUG:root:PUT server_index: 0, block_number: 1, data: 00000000000000000000000000000000000000000000000000000000000000000000000000000000000001010100000000000000000000000000000000000000
DEBUG:root:GET server_index: 1, block_number: 1
DEBUG:root:Datablock: 00000000000000000000000000000000000000000000000000000000000000000000000000000000000001010000000000000000000000000000000000000000
DEBUG:root:PUT server_index: 1, block_number: 1, data: 00000000000000000000000000000000000000000000000000000000000000000000000000000000000001010100000000000000000000000000000000000000
DEBUG:root:FileName::AllocateDataBlock: allocated 44
DEBUG:root:Get: 44
DEBUG:root:block_number: 44, server_index: 0, server_block_index:22, parity_server: 1
DEBUG:root:GET server_index: 0, block_number: 22
DEBUG:root:Datablock: 00000000000000000000000000000000000000000000000000000000000000000000000000000000000000000000000000000000000000000000000000000000
DEBUG:root:Put: block number 44 len 64
66666666666666666666666666666666666666666666666666666666666666666666666666666666666666666666666666666666666666666666666666666666
DEBUG:root:block_number: 44, server_index: 0, server_block_index:22, parity_server: 1
DEBUG:root:GET server_index: 0, block_number: 22
DEBUG:root:Datablock: 00000000000000000000000000000000000000000000000000000000000000000000000000000000000000000000000000000000000000000000000000000000
DEBUG:root:PUT server_index: 0, block_number: 22, data: 66666666666666666666666666666666666666666666666666666666666666666666666666666666666666666666666666666666666666666666666666666666
DEBUG:root:GET server_index: 1, block_number: 22
DEBUG:root:Datablock: 00000000000000000000000000000000000000000000000000000000000000000000000000000000000000000000000000000000000000000000000000000000
DEBUG:root:PUT server_index: 1, block_number: 22, data: 66666666666666666666666666666666666666666666666666666666666666666666666666666666666666666666666666666666666666666666666666666666
DEBUG:root:FileOperations::Write: current_offset: 128 , bytes_written: 128 , len(data): 772
DEBUG:root:FileOperations::Write: current_block_index: 2 , next_block_boundary: 192
DEBUG:root:FileOperations::Write: write_start: 0 , write_end: 64
DEBUG:root:FileName::AllocateDataBlock: 
DEBUG:root:Get: 2
DEBUG:root:block_number: 2, server_index: 0, server_block_index:1, parity_server: 1
DEBUG:root:GET server_index: 0, block_number: 1
DEBUG:root:Datablock: 00000000000000000000000000000000000000000000000000000000000000000000000000000000000001010100000000000000000000000000000000000000
DEBUG:root:Get: 2
DEBUG:root:block_number: 2, server_index: 0, server_block_index:1, parity_server: 1
DEBUG:root:GET server_index: 0, block_number: 1
DEBUG:root:Datablock: 00000000000000000000000000000000000000000000000000000000000000000000000000000000000001010100000000000000000000000000000000000000
DEBUG:root:Get: 2
DEBUG:root:block_number: 2, server_index: 0, server_block_index:1, parity_server: 1
DEBUG:root:GET server_index: 0, block_number: 1
DEBUG:root:Datablock: 00000000000000000000000000000000000000000000000000000000000000000000000000000000000001010100000000000000000000000000000000000000
DEBUG:root:Get: 2
DEBUG:root:block_number: 2, server_index: 0, server_block_index:1, parity_server: 1
DEBUG:root:GET server_index: 0, block_number: 1
DEBUG:root:Datablock: 00000000000000000000000000000000000000000000000000000000000000000000000000000000000001010100000000000000000000000000000000000000
DEBUG:root:Put: block number 2 len 64
00000000000000000000000000000000000000000000000000000000000000000000000000000000000001010101000000000000000000000000000000000000
DEBUG:root:block_number: 2, server_index: 0, server_block_index:1, parity_server: 1
DEBUG:root:GET server_index: 0, block_number: 1
DEBUG:root:Datablock: 00000000000000000000000000000000000000000000000000000000000000000000000000000000000001010100000000000000000000000000000000000000
DEBUG:root:PUT server_index: 0, block_number: 1, data: 00000000000000000000000000000000000000000000000000000000000000000000000000000000000001010101000000000000000000000000000000000000
DEBUG:root:GET server_index: 1, block_number: 1
DEBUG:root:Datablock: 00000000000000000000000000000000000000000000000000000000000000000000000000000000000001010100000000000000000000000000000000000000
DEBUG:root:PUT server_index: 1, block_number: 1, data: 00000000000000000000000000000000000000000000000000000000000000000000000000000000000001010101000000000000000000000000000000000000
DEBUG:root:FileName::AllocateDataBlock: allocated 45
DEBUG:root:Get: 45
DEBUG:root:block_number: 45, server_index: 2, server_block_index:22, parity_server: 1
DEBUG:root:GET server_index: 2, block_number: 22
DEBUG:root:Datablock: 00000000000000000000000000000000000000000000000000000000000000000000000000000000000000000000000000000000000000000000000000000000
DEBUG:root:Put: block number 45 len 64
66666666666666666666666666666666666666666666666666666666666666666666666666666666666666666666666666666666666666666666666666666666
DEBUG:root:block_number: 45, server_index: 2, server_block_index:22, parity_server: 1
DEBUG:root:GET server_index: 2, block_number: 22
DEBUG:root:Datablock: 00000000000000000000000000000000000000000000000000000000000000000000000000000000000000000000000000000000000000000000000000000000
DEBUG:root:PUT server_index: 2, block_number: 22, data: 66666666666666666666666666666666666666666666666666666666666666666666666666666666666666666666666666666666666666666666666666666666
DEBUG:root:GET server_index: 1, block_number: 22
DEBUG:root:Datablock: 66666666666666666666666666666666666666666666666666666666666666666666666666666666666666666666666666666666666666666666666666666666
DEBUG:root:PUT server_index: 1, block_number: 22, data: 00000000000000000000000000000000000000000000000000000000000000000000000000000000000000000000000000000000000000000000000000000000
DEBUG:root:FileOperations::Write: current_offset: 192 , bytes_written: 192 , len(data): 772
DEBUG:root:FileOperations::Write: current_block_index: 3 , next_block_boundary: 256
DEBUG:root:FileOperations::Write: write_start: 0 , write_end: 64
DEBUG:root:FileName::AllocateDataBlock: 
DEBUG:root:Get: 2
DEBUG:root:block_number: 2, server_index: 0, server_block_index:1, parity_server: 1
DEBUG:root:GET server_index: 0, block_number: 1
DEBUG:root:Datablock: 00000000000000000000000000000000000000000000000000000000000000000000000000000000000001010101000000000000000000000000000000000000
DEBUG:root:Get: 2
DEBUG:root:block_number: 2, server_index: 0, server_block_index:1, parity_server: 1
DEBUG:root:GET server_index: 0, block_number: 1
DEBUG:root:Datablock: 00000000000000000000000000000000000000000000000000000000000000000000000000000000000001010101000000000000000000000000000000000000
DEBUG:root:Get: 2
DEBUG:root:block_number: 2, server_index: 0, server_block_index:1, parity_server: 1
DEBUG:root:GET server_index: 0, block_number: 1
DEBUG:root:Datablock: 00000000000000000000000000000000000000000000000000000000000000000000000000000000000001010101000000000000000000000000000000000000
DEBUG:root:Get: 2
DEBUG:root:block_number: 2, server_index: 0, server_block_index:1, parity_server: 1
DEBUG:root:GET server_index: 0, block_number: 1
DEBUG:root:Datablock: 00000000000000000000000000000000000000000000000000000000000000000000000000000000000001010101000000000000000000000000000000000000
DEBUG:root:Get: 2
DEBUG:root:block_number: 2, server_index: 0, server_block_index:1, parity_server: 1
DEBUG:root:GET server_index: 0, block_number: 1
DEBUG:root:Datablock: 00000000000000000000000000000000000000000000000000000000000000000000000000000000000001010101000000000000000000000000000000000000
DEBUG:root:Put: block number 2 len 64
00000000000000000000000000000000000000000000000000000000000000000000000000000000000001010101010000000000000000000000000000000000
DEBUG:root:block_number: 2, server_index: 0, server_block_index:1, parity_server: 1
DEBUG:root:GET server_index: 0, block_number: 1
DEBUG:root:Datablock: 00000000000000000000000000000000000000000000000000000000000000000000000000000000000001010101000000000000000000000000000000000000
DEBUG:root:PUT server_index: 0, block_number: 1, data: 00000000000000000000000000000000000000000000000000000000000000000000000000000000000001010101010000000000000000000000000000000000
DEBUG:root:GET server_index: 1, block_number: 1
DEBUG:root:Datablock: 00000000000000000000000000000000000000000000000000000000000000000000000000000000000001010101000000000000000000000000000000000000
DEBUG:root:PUT server_index: 1, block_number: 1, data: 00000000000000000000000000000000000000000000000000000000000000000000000000000000000001010101010000000000000000000000000000000000
DEBUG:root:FileName::AllocateDataBlock: allocated 46
DEBUG:root:Get: 46
DEBUG:root:block_number: 46, server_index: 0, server_block_index:23, parity_server: 2
DEBUG:root:GET server_index: 0, block_number: 23
DEBUG:root:Datablock: 00000000000000000000000000000000000000000000000000000000000000000000000000000000000000000000000000000000000000000000000000000000
DEBUG:root:Put: block number 46 len 64
66666666666666666666666666666666666666666666666666666666666666666666666666666666666666666666666666666666666666666666666666666666
DEBUG:root:block_number: 46, server_index: 0, server_block_index:23, parity_server: 2
DEBUG:root:GET server_index: 0, block_number: 23
DEBUG:root:Datablock: 00000000000000000000000000000000000000000000000000000000000000000000000000000000000000000000000000000000000000000000000000000000
DEBUG:root:PUT server_index: 0, block_number: 23, data: 66666666666666666666666666666666666666666666666666666666666666666666666666666666666666666666666666666666666666666666666666666666
DEBUG:root:GET server_index: 2, block_number: 23
DEBUG:root:Datablock: 00000000000000000000000000000000000000000000000000000000000000000000000000000000000000000000000000000000000000000000000000000000
DEBUG:root:PUT server_index: 2, block_number: 23, data: 66666666666666666666666666666666666666666666666666666666666666666666666666666666666666666666666666666666666666666666666666666666
DEBUG:root:FileOperations::Write: current_offset: 256 , bytes_written: 256 , len(data): 772
DEBUG:root:FileOperations::Write: current_block_index: 4 , next_block_boundary: 320
DEBUG:root:FileOperations::Write: write_start: 0 , write_end: 64
DEBUG:root:FileName::AllocateDataBlock: 
DEBUG:root:Get: 2
DEBUG:root:block_number: 2, server_index: 0, server_block_index:1, parity_server: 1
DEBUG:root:GET server_index: 0, block_number: 1
DEBUG:root:Datablock: 00000000000000000000000000000000000000000000000000000000000000000000000000000000000001010101010000000000000000000000000000000000
DEBUG:root:Get: 2
DEBUG:root:block_number: 2, server_index: 0, server_block_index:1, parity_server: 1
DEBUG:root:GET server_index: 0, block_number: 1
DEBUG:root:Datablock: 00000000000000000000000000000000000000000000000000000000000000000000000000000000000001010101010000000000000000000000000000000000
DEBUG:root:Get: 2
DEBUG:root:block_number: 2, server_index: 0, server_block_index:1, parity_server: 1
DEBUG:root:GET server_index: 0, block_number: 1
DEBUG:root:Datablock: 00000000000000000000000000000000000000000000000000000000000000000000000000000000000001010101010000000000000000000000000000000000
DEBUG:root:Get: 2
DEBUG:root:block_number: 2, server_index: 0, server_block_index:1, parity_server: 1
DEBUG:root:GET server_index: 0, block_number: 1
DEBUG:root:Datablock: 00000000000000000000000000000000000000000000000000000000000000000000000000000000000001010101010000000000000000000000000000000000
DEBUG:root:Get: 2
DEBUG:root:block_number: 2, server_index: 0, server_block_index:1, parity_server: 1
DEBUG:root:GET server_index: 0, block_number: 1
DEBUG:root:Datablock: 00000000000000000000000000000000000000000000000000000000000000000000000000000000000001010101010000000000000000000000000000000000
DEBUG:root:Get: 2
DEBUG:root:block_number: 2, server_index: 0, server_block_index:1, parity_server: 1
DEBUG:root:GET server_index: 0, block_number: 1
DEBUG:root:Datablock: 00000000000000000000000000000000000000000000000000000000000000000000000000000000000001010101010000000000000000000000000000000000
DEBUG:root:Put: block number 2 len 64
00000000000000000000000000000000000000000000000000000000000000000000000000000000000001010101010100000000000000000000000000000000
DEBUG:root:block_number: 2, server_index: 0, server_block_index:1, parity_server: 1
DEBUG:root:GET server_index: 0, block_number: 1
DEBUG:root:Datablock: 00000000000000000000000000000000000000000000000000000000000000000000000000000000000001010101010000000000000000000000000000000000
DEBUG:root:PUT server_index: 0, block_number: 1, data: 00000000000000000000000000000000000000000000000000000000000000000000000000000000000001010101010100000000000000000000000000000000
DEBUG:root:GET server_index: 1, block_number: 1
DEBUG:root:Datablock: 00000000000000000000000000000000000000000000000000000000000000000000000000000000000001010101010000000000000000000000000000000000
DEBUG:root:PUT server_index: 1, block_number: 1, data: 00000000000000000000000000000000000000000000000000000000000000000000000000000000000001010101010100000000000000000000000000000000
DEBUG:root:FileName::AllocateDataBlock: allocated 47
DEBUG:root:Get: 47
DEBUG:root:block_number: 47, server_index: 1, server_block_index:23, parity_server: 2
DEBUG:root:GET server_index: 1, block_number: 23
DEBUG:root:Datablock: 00000000000000000000000000000000000000000000000000000000000000000000000000000000000000000000000000000000000000000000000000000000
DEBUG:root:Put: block number 47 len 64
666666666666666666666666666666666666736b6a666173646b6a61736466666666666666666666666666666666666666666666666666666666666666666666
DEBUG:root:block_number: 47, server_index: 1, server_block_index:23, parity_server: 2
DEBUG:root:GET server_index: 1, block_number: 23
DEBUG:root:Datablock: 00000000000000000000000000000000000000000000000000000000000000000000000000000000000000000000000000000000000000000000000000000000
DEBUG:root:PUT server_index: 1, block_number: 23, data: 666666666666666666666666666666666666736b6a666173646b6a61736466666666666666666666666666666666666666666666666666666666666666666666
DEBUG:root:GET server_index: 2, block_number: 23
DEBUG:root:Datablock: 66666666666666666666666666666666666666666666666666666666666666666666666666666666666666666666666666666666666666666666666666666666
DEBUG:root:PUT server_index: 2, block_number: 23, data: 000000000000000000000000000000000000150d0c000715020d0c07150200000000000000000000000000000000000000000000000000000000000000000000
DEBUG:root:FileOperations::Write: current_offset: 320 , bytes_written: 320 , len(data): 772
DEBUG:root:FileOperations::Write: current_block_index: 5 , next_block_boundary: 384
DEBUG:root:FileOperations::Write: write_start: 0 , write_end: 64
DEBUG:root:FileName::AllocateDataBlock: 
DEBUG:root:Get: 2
DEBUG:root:block_number: 2, server_index: 0, server_block_index:1, parity_server: 1
DEBUG:root:GET server_index: 0, block_number: 1
DEBUG:root:Datablock: 00000000000000000000000000000000000000000000000000000000000000000000000000000000000001010101010100000000000000000000000000000000
DEBUG:root:Get: 2
DEBUG:root:block_number: 2, server_index: 0, server_block_index:1, parity_server: 1
DEBUG:root:GET server_index: 0, block_number: 1
DEBUG:root:Datablock: 00000000000000000000000000000000000000000000000000000000000000000000000000000000000001010101010100000000000000000000000000000000
DEBUG:root:Get: 2
DEBUG:root:block_number: 2, server_index: 0, server_block_index:1, parity_server: 1
DEBUG:root:GET server_index: 0, block_number: 1
DEBUG:root:Datablock: 00000000000000000000000000000000000000000000000000000000000000000000000000000000000001010101010100000000000000000000000000000000
DEBUG:root:Get: 2
DEBUG:root:block_number: 2, server_index: 0, server_block_index:1, parity_server: 1
DEBUG:root:GET server_index: 0, block_number: 1
DEBUG:root:Datablock: 00000000000000000000000000000000000000000000000000000000000000000000000000000000000001010101010100000000000000000000000000000000
DEBUG:root:Get: 2
DEBUG:root:block_number: 2, server_index: 0, server_block_index:1, parity_server: 1
DEBUG:root:GET server_index: 0, block_number: 1
DEBUG:root:Datablock: 00000000000000000000000000000000000000000000000000000000000000000000000000000000000001010101010100000000000000000000000000000000
DEBUG:root:Get: 2
DEBUG:root:block_number: 2, server_index: 0, server_block_index:1, parity_server: 1
DEBUG:root:GET server_index: 0, block_number: 1
DEBUG:root:Datablock: 00000000000000000000000000000000000000000000000000000000000000000000000000000000000001010101010100000000000000000000000000000000
DEBUG:root:Get: 2
DEBUG:root:block_number: 2, server_index: 0, server_block_index:1, parity_server: 1
DEBUG:root:GET server_index: 0, block_number: 1
DEBUG:root:Datablock: 00000000000000000000000000000000000000000000000000000000000000000000000000000000000001010101010100000000000000000000000000000000
DEBUG:root:Put: block number 2 len 64
00000000000000000000000000000000000000000000000000000000000000000000000000000000000001010101010101000000000000000000000000000000
DEBUG:root:block_number: 2, server_index: 0, server_block_index:1, parity_server: 1
DEBUG:root:GET server_index: 0, block_number: 1
DEBUG:root:Datablock: 00000000000000000000000000000000000000000000000000000000000000000000000000000000000001010101010100000000000000000000000000000000
DEBUG:root:PUT server_index: 0, block_number: 1, data: 00000000000000000000000000000000000000000000000000000000000000000000000000000000000001010101010101000000000000000000000000000000
DEBUG:root:GET server_index: 1, block_number: 1
DEBUG:root:Datablock: 00000000000000000000000000000000000000000000000000000000000000000000000000000000000001010101010100000000000000000000000000000000
DEBUG:root:PUT server_index: 1, block_number: 1, data: 00000000000000000000000000000000000000000000000000000000000000000000000000000000000001010101010101000000000000000000000000000000
DEBUG:root:FileName::AllocateDataBlock: allocated 48
DEBUG:root:Get: 48
DEBUG:root:block_number: 48, server_index: 1, server_block_index:24, parity_server: 0
DEBUG:root:GET server_index: 1, block_number: 24
DEBUG:root:Datablock: 00000000000000000000000000000000000000000000000000000000000000000000000000000000000000000000000000000000000000000000000000000000
DEBUG:root:Put: block number 48 len 64
66666666666666666666666666666666666666666666666666666666666666666666666666666666666666666666666666666666666666666666666666666666
DEBUG:root:block_number: 48, server_index: 1, server_block_index:24, parity_server: 0
DEBUG:root:GET server_index: 1, block_number: 24
DEBUG:root:Datablock: 00000000000000000000000000000000000000000000000000000000000000000000000000000000000000000000000000000000000000000000000000000000
DEBUG:root:PUT server_index: 1, block_number: 24, data: 66666666666666666666666666666666666666666666666666666666666666666666666666666666666666666666666666666666666666666666666666666666
DEBUG:root:GET server_index: 0, block_number: 24
DEBUG:root:Datablock: 00000000000000000000000000000000000000000000000000000000000000000000000000000000000000000000000000000000000000000000000000000000
DEBUG:root:PUT server_index: 0, block_number: 24, data: 66666666666666666666666666666666666666666666666666666666666666666666666666666666666666666666666666666666666666666666666666666666
DEBUG:root:FileOperations::Write: current_offset: 384 , bytes_written: 384 , len(data): 772
DEBUG:root:FileOperations::Write: current_block_index: 6 , next_block_boundary: 448
DEBUG:root:FileOperations::Write: write_start: 0 , write_end: 64
DEBUG:root:FileName::AllocateDataBlock: 
DEBUG:root:Get: 2
DEBUG:root:block_number: 2, server_index: 0, server_block_index:1, parity_server: 1
DEBUG:root:GET server_index: 0, block_number: 1
DEBUG:root:Datablock: 00000000000000000000000000000000000000000000000000000000000000000000000000000000000001010101010101000000000000000000000000000000
DEBUG:root:Get: 2
DEBUG:root:block_number: 2, server_index: 0, server_block_index:1, parity_server: 1
DEBUG:root:GET server_index: 0, block_number: 1
DEBUG:root:Datablock: 00000000000000000000000000000000000000000000000000000000000000000000000000000000000001010101010101000000000000000000000000000000
DEBUG:root:Get: 2
DEBUG:root:block_number: 2, server_index: 0, server_block_index:1, parity_server: 1
DEBUG:root:GET server_index: 0, block_number: 1
DEBUG:root:Datablock: 00000000000000000000000000000000000000000000000000000000000000000000000000000000000001010101010101000000000000000000000000000000
DEBUG:root:Get: 2
DEBUG:root:block_number: 2, server_index: 0, server_block_index:1, parity_server: 1
DEBUG:root:GET server_index: 0, block_number: 1
DEBUG:root:Datablock: 00000000000000000000000000000000000000000000000000000000000000000000000000000000000001010101010101000000000000000000000000000000
DEBUG:root:Get: 2
DEBUG:root:block_number: 2, server_index: 0, server_block_index:1, parity_server: 1
DEBUG:root:GET server_index: 0, block_number: 1
DEBUG:root:Datablock: 00000000000000000000000000000000000000000000000000000000000000000000000000000000000001010101010101000000000000000000000000000000
DEBUG:root:Get: 2
DEBUG:root:block_number: 2, server_index: 0, server_block_index:1, parity_server: 1
DEBUG:root:GET server_index: 0, block_number: 1
DEBUG:root:Datablock: 00000000000000000000000000000000000000000000000000000000000000000000000000000000000001010101010101000000000000000000000000000000
DEBUG:root:Get: 2
DEBUG:root:block_number: 2, server_index: 0, server_block_index:1, parity_server: 1
DEBUG:root:GET server_index: 0, block_number: 1
DEBUG:root:Datablock: 00000000000000000000000000000000000000000000000000000000000000000000000000000000000001010101010101000000000000000000000000000000
DEBUG:root:Get: 2
DEBUG:root:block_number: 2, server_index: 0, server_block_index:1, parity_server: 1
DEBUG:root:GET server_index: 0, block_number: 1
DEBUG:root:Datablock: 00000000000000000000000000000000000000000000000000000000000000000000000000000000000001010101010101000000000000000000000000000000
DEBUG:root:Put: block number 2 len 64
00000000000000000000000000000000000000000000000000000000000000000000000000000000000001010101010101010000000000000000000000000000
DEBUG:root:block_number: 2, server_index: 0, server_block_index:1, parity_server: 1
DEBUG:root:GET server_index: 0, block_number: 1
DEBUG:root:Datablock: 00000000000000000000000000000000000000000000000000000000000000000000000000000000000001010101010101000000000000000000000000000000
DEBUG:root:PUT server_index: 0, block_number: 1, data: 00000000000000000000000000000000000000000000000000000000000000000000000000000000000001010101010101010000000000000000000000000000
DEBUG:root:GET server_index: 1, block_number: 1
DEBUG:root:Datablock: 00000000000000000000000000000000000000000000000000000000000000000000000000000000000001010101010101000000000000000000000000000000
DEBUG:root:PUT server_index: 1, block_number: 1, data: 00000000000000000000000000000000000000000000000000000000000000000000000000000000000001010101010101010000000000000000000000000000
DEBUG:root:FileName::AllocateDataBlock: allocated 49
DEBUG:root:Get: 49
DEBUG:root:block_number: 49, server_index: 2, server_block_index:24, parity_server: 0
DEBUG:root:GET server_index: 2, block_number: 24
DEBUG:root:Datablock: 00000000000000000000000000000000000000000000000000000000000000000000000000000000000000000000000000000000000000000000000000000000
DEBUG:root:Put: block number 49 len 64
66666666666666666666666666666666666666666666666666666666666666666666666666666666666666666666666666666666666666666666666666666666
DEBUG:root:block_number: 49, server_index: 2, server_block_index:24, parity_server: 0
DEBUG:root:GET server_index: 2, block_number: 24
DEBUG:root:Datablock: 00000000000000000000000000000000000000000000000000000000000000000000000000000000000000000000000000000000000000000000000000000000
DEBUG:root:PUT server_index: 2, block_number: 24, data: 66666666666666666666666666666666666666666666666666666666666666666666666666666666666666666666666666666666666666666666666666666666
DEBUG:root:GET server_index: 0, block_number: 24
DEBUG:root:Datablock: 66666666666666666666666666666666666666666666666666666666666666666666666666666666666666666666666666666666666666666666666666666666
DEBUG:root:PUT server_index: 0, block_number: 24, data: 00000000000000000000000000000000000000000000000000000000000000000000000000000000000000000000000000000000000000000000000000000000
DEBUG:root:FileOperations::Write: current_offset: 448 , bytes_written: 448 , len(data): 772
DEBUG:root:FileOperations::Write: current_block_index: 7 , next_block_boundary: 512
DEBUG:root:FileOperations::Write: write_start: 0 , write_end: 64
DEBUG:root:FileName::AllocateDataBlock: 
DEBUG:root:Get: 2
DEBUG:root:block_number: 2, server_index: 0, server_block_index:1, parity_server: 1
DEBUG:root:GET server_index: 0, block_number: 1
DEBUG:root:Datablock: 00000000000000000000000000000000000000000000000000000000000000000000000000000000000001010101010101010000000000000000000000000000
DEBUG:root:Get: 2
DEBUG:root:block_number: 2, server_index: 0, server_block_index:1, parity_server: 1
DEBUG:root:GET server_index: 0, block_number: 1
DEBUG:root:Datablock: 00000000000000000000000000000000000000000000000000000000000000000000000000000000000001010101010101010000000000000000000000000000
DEBUG:root:Get: 2
DEBUG:root:block_number: 2, server_index: 0, server_block_index:1, parity_server: 1
DEBUG:root:GET server_index: 0, block_number: 1
DEBUG:root:Datablock: 00000000000000000000000000000000000000000000000000000000000000000000000000000000000001010101010101010000000000000000000000000000
DEBUG:root:Get: 2
DEBUG:root:block_number: 2, server_index: 0, server_block_index:1, parity_server: 1
DEBUG:root:GET server_index: 0, block_number: 1
DEBUG:root:Datablock: 00000000000000000000000000000000000000000000000000000000000000000000000000000000000001010101010101010000000000000000000000000000
DEBUG:root:Get: 2
DEBUG:root:block_number: 2, server_index: 0, server_block_index:1, parity_server: 1
DEBUG:root:GET server_index: 0, block_number: 1
DEBUG:root:Datablock: 00000000000000000000000000000000000000000000000000000000000000000000000000000000000001010101010101010000000000000000000000000000
DEBUG:root:Get: 2
DEBUG:root:block_number: 2, server_index: 0, server_block_index:1, parity_server: 1
DEBUG:root:GET server_index: 0, block_number: 1
DEBUG:root:Datablock: 00000000000000000000000000000000000000000000000000000000000000000000000000000000000001010101010101010000000000000000000000000000
DEBUG:root:Get: 2
DEBUG:root:block_number: 2, server_index: 0, server_block_index:1, parity_server: 1
DEBUG:root:GET server_index: 0, block_number: 1
DEBUG:root:Datablock: 00000000000000000000000000000000000000000000000000000000000000000000000000000000000001010101010101010000000000000000000000000000
DEBUG:root:Get: 2
DEBUG:root:block_number: 2, server_index: 0, server_block_index:1, parity_server: 1
DEBUG:root:GET server_index: 0, block_number: 1
DEBUG:root:Datablock: 00000000000000000000000000000000000000000000000000000000000000000000000000000000000001010101010101010000000000000000000000000000
DEBUG:root:Get: 2
DEBUG:root:block_number: 2, server_index: 0, server_block_index:1, parity_server: 1
DEBUG:root:GET server_index: 0, block_number: 1
DEBUG:root:Datablock: 00000000000000000000000000000000000000000000000000000000000000000000000000000000000001010101010101010000000000000000000000000000
DEBUG:root:Put: block number 2 len 64
00000000000000000000000000000000000000000000000000000000000000000000000000000000000001010101010101010100000000000000000000000000
DEBUG:root:block_number: 2, server_index: 0, server_block_index:1, parity_server: 1
DEBUG:root:GET server_index: 0, block_number: 1
DEBUG:root:Datablock: 00000000000000000000000000000000000000000000000000000000000000000000000000000000000001010101010101010000000000000000000000000000
DEBUG:root:PUT server_index: 0, block_number: 1, data: 00000000000000000000000000000000000000000000000000000000000000000000000000000000000001010101010101010100000000000000000000000000
DEBUG:root:GET server_index: 1, block_number: 1
DEBUG:root:Datablock: 00000000000000000000000000000000000000000000000000000000000000000000000000000000000001010101010101010000000000000000000000000000
DEBUG:root:PUT server_index: 1, block_number: 1, data: 00000000000000000000000000000000000000000000000000000000000000000000000000000000000001010101010101010100000000000000000000000000
DEBUG:root:FileName::AllocateDataBlock: allocated 50
DEBUG:root:Get: 50
DEBUG:root:block_number: 50, server_index: 0, server_block_index:25, parity_server: 1
DEBUG:root:GET server_index: 0, block_number: 25
DEBUG:root:Datablock: 00000000000000000000000000000000000000000000000000000000000000000000000000000000000000000000000000000000000000000000000000000000
DEBUG:root:Put: block number 50 len 64
66666666666666666666666666666666666666666666666666666666666666666666666666666666666666666666666666666666666666666666666666666666
DEBUG:root:block_number: 50, server_index: 0, server_block_index:25, parity_server: 1
DEBUG:root:GET server_index: 0, block_number: 25
DEBUG:root:Datablock: 00000000000000000000000000000000000000000000000000000000000000000000000000000000000000000000000000000000000000000000000000000000
DEBUG:root:PUT server_index: 0, block_number: 25, data: 66666666666666666666666666666666666666666666666666666666666666666666666666666666666666666666666666666666666666666666666666666666
DEBUG:root:GET server_index: 1, block_number: 25
DEBUG:root:Datablock: 00000000000000000000000000000000000000000000000000000000000000000000000000000000000000000000000000000000000000000000000000000000
DEBUG:root:PUT server_index: 1, block_number: 25, data: 66666666666666666666666666666666666666666666666666666666666666666666666666666666666666666666666666666666666666666666666666666666
DEBUG:root:FileOperations::Write: current_offset: 512 , bytes_written: 512 , len(data): 772
DEBUG:root:FileOperations::Write: current_block_index: 8 , next_block_boundary: 576
DEBUG:root:FileOperations::Write: write_start: 0 , write_end: 64
DEBUG:root:FileName::AllocateDataBlock: 
DEBUG:root:Get: 2
DEBUG:root:block_number: 2, server_index: 0, server_block_index:1, parity_server: 1
DEBUG:root:GET server_index: 0, block_number: 1
DEBUG:root:Datablock: 00000000000000000000000000000000000000000000000000000000000000000000000000000000000001010101010101010100000000000000000000000000
DEBUG:root:Get: 2
DEBUG:root:block_number: 2, server_index: 0, server_block_index:1, parity_server: 1
DEBUG:root:GET server_index: 0, block_number: 1
DEBUG:root:Datablock: 00000000000000000000000000000000000000000000000000000000000000000000000000000000000001010101010101010100000000000000000000000000
DEBUG:root:Get: 2
DEBUG:root:block_number: 2, server_index: 0, server_block_index:1, parity_server: 1
DEBUG:root:GET server_index: 0, block_number: 1
DEBUG:root:Datablock: 00000000000000000000000000000000000000000000000000000000000000000000000000000000000001010101010101010100000000000000000000000000
DEBUG:root:Get: 2
DEBUG:root:block_number: 2, server_index: 0, server_block_index:1, parity_server: 1
DEBUG:root:GET server_index: 0, block_number: 1
DEBUG:root:Datablock: 00000000000000000000000000000000000000000000000000000000000000000000000000000000000001010101010101010100000000000000000000000000
DEBUG:root:Get: 2
DEBUG:root:block_number: 2, server_index: 0, server_block_index:1, parity_server: 1
DEBUG:root:GET server_index: 0, block_number: 1
DEBUG:root:Datablock: 00000000000000000000000000000000000000000000000000000000000000000000000000000000000001010101010101010100000000000000000000000000
DEBUG:root:Get: 2
DEBUG:root:block_number: 2, server_index: 0, server_block_index:1, parity_server: 1
DEBUG:root:GET server_index: 0, block_number: 1
DEBUG:root:Datablock: 00000000000000000000000000000000000000000000000000000000000000000000000000000000000001010101010101010100000000000000000000000000
DEBUG:root:Get: 2
DEBUG:root:block_number: 2, server_index: 0, server_block_index:1, parity_server: 1
DEBUG:root:GET server_index: 0, block_number: 1
DEBUG:root:Datablock: 00000000000000000000000000000000000000000000000000000000000000000000000000000000000001010101010101010100000000000000000000000000
DEBUG:root:Get: 2
DEBUG:root:block_number: 2, server_index: 0, server_block_index:1, parity_server: 1
DEBUG:root:GET server_index: 0, block_number: 1
DEBUG:root:Datablock: 00000000000000000000000000000000000000000000000000000000000000000000000000000000000001010101010101010100000000000000000000000000
DEBUG:root:Get: 2
DEBUG:root:block_number: 2, server_index: 0, server_block_index:1, parity_server: 1
DEBUG:root:GET server_index: 0, block_number: 1
DEBUG:root:Datablock: 00000000000000000000000000000000000000000000000000000000000000000000000000000000000001010101010101010100000000000000000000000000
DEBUG:root:Get: 2
DEBUG:root:block_number: 2, server_index: 0, server_block_index:1, parity_server: 1
DEBUG:root:GET server_index: 0, block_number: 1
DEBUG:root:Datablock: 00000000000000000000000000000000000000000000000000000000000000000000000000000000000001010101010101010100000000000000000000000000
DEBUG:root:Put: block number 2 len 64
00000000000000000000000000000000000000000000000000000000000000000000000000000000000001010101010101010101000000000000000000000000
DEBUG:root:block_number: 2, server_index: 0, server_block_index:1, parity_server: 1
DEBUG:root:GET server_index: 0, block_number: 1
DEBUG:root:Datablock: 00000000000000000000000000000000000000000000000000000000000000000000000000000000000001010101010101010100000000000000000000000000
DEBUG:root:PUT server_index: 0, block_number: 1, data: 00000000000000000000000000000000000000000000000000000000000000000000000000000000000001010101010101010101000000000000000000000000
DEBUG:root:GET server_index: 1, block_number: 1
DEBUG:root:Datablock: 00000000000000000000000000000000000000000000000000000000000000000000000000000000000001010101010101010100000000000000000000000000
DEBUG:root:PUT server_index: 1, block_number: 1, data: 00000000000000000000000000000000000000000000000000000000000000000000000000000000000001010101010101010101000000000000000000000000
DEBUG:root:FileName::AllocateDataBlock: allocated 51
DEBUG:root:Get: 51
DEBUG:root:block_number: 51, server_index: 2, server_block_index:25, parity_server: 1
DEBUG:root:GET server_index: 2, block_number: 25
DEBUG:root:Datablock: 00000000000000000000000000000000000000000000000000000000000000000000000000000000000000000000000000000000000000000000000000000000
DEBUG:root:Put: block number 51 len 64
66666666666666666666666666666666666666666666736b6a666173646b6a617364666666666666666666666666666666666666666666666666666666666666
DEBUG:root:block_number: 51, server_index: 2, server_block_index:25, parity_server: 1
DEBUG:root:GET server_index: 2, block_number: 25
DEBUG:root:Datablock: 00000000000000000000000000000000000000000000000000000000000000000000000000000000000000000000000000000000000000000000000000000000
DEBUG:root:PUT server_index: 2, block_number: 25, data: 66666666666666666666666666666666666666666666736b6a666173646b6a617364666666666666666666666666666666666666666666666666666666666666
DEBUG:root:GET server_index: 1, block_number: 25
DEBUG:root:Datablock: 66666666666666666666666666666666666666666666666666666666666666666666666666666666666666666666666666666666666666666666666666666666
DEBUG:root:PUT server_index: 1, block_number: 25, data: 00000000000000000000000000000000000000000000150d0c000715020d0c071502000000000000000000000000000000000000000000000000000000000000
DEBUG:root:FileOperations::Write: current_offset: 576 , bytes_written: 576 , len(data): 772
DEBUG:root:FileOperations::Write: current_block_index: 9 , next_block_boundary: 640
DEBUG:root:FileOperations::Write: write_start: 0 , write_end: 64
DEBUG:root:FileName::AllocateDataBlock: 
DEBUG:root:Get: 2
DEBUG:root:block_number: 2, server_index: 0, server_block_index:1, parity_server: 1
DEBUG:root:GET server_index: 0, block_number: 1
DEBUG:root:Datablock: 00000000000000000000000000000000000000000000000000000000000000000000000000000000000001010101010101010101000000000000000000000000
DEBUG:root:Get: 2
DEBUG:root:block_number: 2, server_index: 0, server_block_index:1, parity_server: 1
DEBUG:root:GET server_index: 0, block_number: 1
DEBUG:root:Datablock: 00000000000000000000000000000000000000000000000000000000000000000000000000000000000001010101010101010101000000000000000000000000
DEBUG:root:Get: 2
DEBUG:root:block_number: 2, server_index: 0, server_block_index:1, parity_server: 1
DEBUG:root:GET server_index: 0, block_number: 1
DEBUG:root:Datablock: 00000000000000000000000000000000000000000000000000000000000000000000000000000000000001010101010101010101000000000000000000000000
DEBUG:root:Get: 2
DEBUG:root:block_number: 2, server_index: 0, server_block_index:1, parity_server: 1
DEBUG:root:GET server_index: 0, block_number: 1
DEBUG:root:Datablock: 00000000000000000000000000000000000000000000000000000000000000000000000000000000000001010101010101010101000000000000000000000000
DEBUG:root:Get: 2
DEBUG:root:block_number: 2, server_index: 0, server_block_index:1, parity_server: 1
DEBUG:root:GET server_index: 0, block_number: 1
DEBUG:root:Datablock: 00000000000000000000000000000000000000000000000000000000000000000000000000000000000001010101010101010101000000000000000000000000
DEBUG:root:Get: 2
DEBUG:root:block_number: 2, server_index: 0, server_block_index:1, parity_server: 1
DEBUG:root:GET server_index: 0, block_number: 1
DEBUG:root:Datablock: 00000000000000000000000000000000000000000000000000000000000000000000000000000000000001010101010101010101000000000000000000000000
DEBUG:root:Get: 2
DEBUG:root:block_number: 2, server_index: 0, server_block_index:1, parity_server: 1
DEBUG:root:GET server_index: 0, block_number: 1
DEBUG:root:Datablock: 00000000000000000000000000000000000000000000000000000000000000000000000000000000000001010101010101010101000000000000000000000000
DEBUG:root:Get: 2
DEBUG:root:block_number: 2, server_index: 0, server_block_index:1, parity_server: 1
DEBUG:root:GET server_index: 0, block_number: 1
DEBUG:root:Datablock: 00000000000000000000000000000000000000000000000000000000000000000000000000000000000001010101010101010101000000000000000000000000
DEBUG:root:Get: 2
DEBUG:root:block_number: 2, server_index: 0, server_block_index:1, parity_server: 1
DEBUG:root:GET server_index: 0, block_number: 1
DEBUG:root:Datablock: 00000000000000000000000000000000000000000000000000000000000000000000000000000000000001010101010101010101000000000000000000000000
DEBUG:root:Get: 2
DEBUG:root:block_number: 2, server_index: 0, server_block_index:1, parity_server: 1
DEBUG:root:GET server_index: 0, block_number: 1
DEBUG:root:Datablock: 00000000000000000000000000000000000000000000000000000000000000000000000000000000000001010101010101010101000000000000000000000000
DEBUG:root:Get: 2
DEBUG:root:block_number: 2, server_index: 0, server_block_index:1, parity_server: 1
DEBUG:root:GET server_index: 0, block_number: 1
DEBUG:root:Datablock: 00000000000000000000000000000000000000000000000000000000000000000000000000000000000001010101010101010101000000000000000000000000
DEBUG:root:Put: block number 2 len 64
00000000000000000000000000000000000000000000000000000000000000000000000000000000000001010101010101010101010000000000000000000000
DEBUG:root:block_number: 2, server_index: 0, server_block_index:1, parity_server: 1
DEBUG:root:GET server_index: 0, block_number: 1
DEBUG:root:Datablock: 00000000000000000000000000000000000000000000000000000000000000000000000000000000000001010101010101010101000000000000000000000000
DEBUG:root:PUT server_index: 0, block_number: 1, data: 00000000000000000000000000000000000000000000000000000000000000000000000000000000000001010101010101010101010000000000000000000000
DEBUG:root:GET server_index: 1, block_number: 1
DEBUG:root:Datablock: 00000000000000000000000000000000000000000000000000000000000000000000000000000000000001010101010101010101000000000000000000000000
DEBUG:root:PUT server_index: 1, block_number: 1, data: 00000000000000000000000000000000000000000000000000000000000000000000000000000000000001010101010101010101010000000000000000000000
DEBUG:root:FileName::AllocateDataBlock: allocated 52
DEBUG:root:Get: 52
DEBUG:root:block_number: 52, server_index: 0, server_block_index:26, parity_server: 2
DEBUG:root:GET server_index: 0, block_number: 26
DEBUG:root:Datablock: 00000000000000000000000000000000000000000000000000000000000000000000000000000000000000000000000000000000000000000000000000000000
DEBUG:root:Put: block number 52 len 64
66666666666666666666666666666666666666666666666666666666666666666666666666666666666666666666666666666666666666666666666666666666
DEBUG:root:block_number: 52, server_index: 0, server_block_index:26, parity_server: 2
DEBUG:root:GET server_index: 0, block_number: 26
DEBUG:root:Datablock: 00000000000000000000000000000000000000000000000000000000000000000000000000000000000000000000000000000000000000000000000000000000
DEBUG:root:PUT server_index: 0, block_number: 26, data: 66666666666666666666666666666666666666666666666666666666666666666666666666666666666666666666666666666666666666666666666666666666
DEBUG:root:GET server_index: 2, block_number: 26
DEBUG:root:Datablock: 00000000000000000000000000000000000000000000000000000000000000000000000000000000000000000000000000000000000000000000000000000000
DEBUG:root:PUT server_index: 2, block_number: 26, data: 66666666666666666666666666666666666666666666666666666666666666666666666666666666666666666666666666666666666666666666666666666666
DEBUG:root:FileOperations::Write: current_offset: 640 , bytes_written: 640 , len(data): 772
DEBUG:root:FileOperations::Write: current_block_index: 10 , next_block_boundary: 704
DEBUG:root:FileOperations::Write: write_start: 0 , write_end: 64
DEBUG:root:FileName::AllocateDataBlock: 
DEBUG:root:Get: 2
DEBUG:root:block_number: 2, server_index: 0, server_block_index:1, parity_server: 1
DEBUG:root:GET server_index: 0, block_number: 1
DEBUG:root:Datablock: 00000000000000000000000000000000000000000000000000000000000000000000000000000000000001010101010101010101010000000000000000000000
DEBUG:root:Get: 2
DEBUG:root:block_number: 2, server_index: 0, server_block_index:1, parity_server: 1
DEBUG:root:GET server_index: 0, block_number: 1
DEBUG:root:Datablock: 00000000000000000000000000000000000000000000000000000000000000000000000000000000000001010101010101010101010000000000000000000000
DEBUG:root:Get: 2
DEBUG:root:block_number: 2, server_index: 0, server_block_index:1, parity_server: 1
DEBUG:root:GET server_index: 0, block_number: 1
DEBUG:root:Datablock: 00000000000000000000000000000000000000000000000000000000000000000000000000000000000001010101010101010101010000000000000000000000
DEBUG:root:Get: 2
DEBUG:root:block_number: 2, server_index: 0, server_block_index:1, parity_server: 1
DEBUG:root:GET server_index: 0, block_number: 1
DEBUG:root:Datablock: 00000000000000000000000000000000000000000000000000000000000000000000000000000000000001010101010101010101010000000000000000000000
DEBUG:root:Get: 2
DEBUG:root:block_number: 2, server_index: 0, server_block_index:1, parity_server: 1
DEBUG:root:GET server_index: 0, block_number: 1
DEBUG:root:Datablock: 00000000000000000000000000000000000000000000000000000000000000000000000000000000000001010101010101010101010000000000000000000000
DEBUG:root:Get: 2
DEBUG:root:block_number: 2, server_index: 0, server_block_index:1, parity_server: 1
DEBUG:root:GET server_index: 0, block_number: 1
DEBUG:root:Datablock: 00000000000000000000000000000000000000000000000000000000000000000000000000000000000001010101010101010101010000000000000000000000
DEBUG:root:Get: 2
DEBUG:root:block_number: 2, server_index: 0, server_block_index:1, parity_server: 1
DEBUG:root:GET server_index: 0, block_number: 1
DEBUG:root:Datablock: 00000000000000000000000000000000000000000000000000000000000000000000000000000000000001010101010101010101010000000000000000000000
DEBUG:root:Get: 2
DEBUG:root:block_number: 2, server_index: 0, server_block_index:1, parity_server: 1
DEBUG:root:GET server_index: 0, block_number: 1
DEBUG:root:Datablock: 00000000000000000000000000000000000000000000000000000000000000000000000000000000000001010101010101010101010000000000000000000000
DEBUG:root:Get: 2
DEBUG:root:block_number: 2, server_index: 0, server_block_index:1, parity_server: 1
DEBUG:root:GET server_index: 0, block_number: 1
DEBUG:root:Datablock: 00000000000000000000000000000000000000000000000000000000000000000000000000000000000001010101010101010101010000000000000000000000
DEBUG:root:Get: 2
DEBUG:root:block_number: 2, server_index: 0, server_block_index:1, parity_server: 1
DEBUG:root:GET server_index: 0, block_number: 1
DEBUG:root:Datablock: 00000000000000000000000000000000000000000000000000000000000000000000000000000000000001010101010101010101010000000000000000000000
DEBUG:root:Get: 2
DEBUG:root:block_number: 2, server_index: 0, server_block_index:1, parity_server: 1
DEBUG:root:GET server_index: 0, block_number: 1
DEBUG:root:Datablock: 00000000000000000000000000000000000000000000000000000000000000000000000000000000000001010101010101010101010000000000000000000000
DEBUG:root:Get: 2
DEBUG:root:block_number: 2, server_index: 0, server_block_index:1, parity_server: 1
DEBUG:root:GET server_index: 0, block_number: 1
DEBUG:root:Datablock: 00000000000000000000000000000000000000000000000000000000000000000000000000000000000001010101010101010101010000000000000000000000
DEBUG:root:Put: block number 2 len 64
00000000000000000000000000000000000000000000000000000000000000000000000000000000000001010101010101010101010100000000000000000000
DEBUG:root:block_number: 2, server_index: 0, server_block_index:1, parity_server: 1
DEBUG:root:GET server_index: 0, block_number: 1
DEBUG:root:Datablock: 00000000000000000000000000000000000000000000000000000000000000000000000000000000000001010101010101010101010000000000000000000000
DEBUG:root:PUT server_index: 0, block_number: 1, data: 00000000000000000000000000000000000000000000000000000000000000000000000000000000000001010101010101010101010100000000000000000000
DEBUG:root:GET server_index: 1, block_number: 1
DEBUG:root:Datablock: 00000000000000000000000000000000000000000000000000000000000000000000000000000000000001010101010101010101010000000000000000000000
DEBUG:root:PUT server_index: 1, block_number: 1, data: 00000000000000000000000000000000000000000000000000000000000000000000000000000000000001010101010101010101010100000000000000000000
DEBUG:root:FileName::AllocateDataBlock: allocated 53
DEBUG:root:Get: 53
DEBUG:root:block_number: 53, server_index: 1, server_block_index:26, parity_server: 2
DEBUG:root:GET server_index: 1, block_number: 26
DEBUG:root:Datablock: 00000000000000000000000000000000000000000000000000000000000000000000000000000000000000000000000000000000000000000000000000000000
DEBUG:root:Put: block number 53 len 64
66666666666666666666666666666666666666666666666666666666666666666666666666666666666666666666666666666666666666666666666666666666
DEBUG:root:block_number: 53, server_index: 1, server_block_index:26, parity_server: 2
DEBUG:root:GET server_index: 1, block_number: 26
DEBUG:root:Datablock: 00000000000000000000000000000000000000000000000000000000000000000000000000000000000000000000000000000000000000000000000000000000
DEBUG:root:PUT server_index: 1, block_number: 26, data: 66666666666666666666666666666666666666666666666666666666666666666666666666666666666666666666666666666666666666666666666666666666
DEBUG:root:GET server_index: 2, block_number: 26
DEBUG:root:Datablock: 66666666666666666666666666666666666666666666666666666666666666666666666666666666666666666666666666666666666666666666666666666666
DEBUG:root:PUT server_index: 2, block_number: 26, data: 00000000000000000000000000000000000000000000000000000000000000000000000000000000000000000000000000000000000000000000000000000000
DEBUG:root:FileOperations::Write: current_offset: 704 , bytes_written: 704 , len(data): 772
DEBUG:root:FileOperations::Write: current_block_index: 11 , next_block_boundary: 768
DEBUG:root:FileOperations::Write: write_start: 0 , write_end: 64
DEBUG:root:FileName::AllocateDataBlock: 
DEBUG:root:Get: 2
DEBUG:root:block_number: 2, server_index: 0, server_block_index:1, parity_server: 1
DEBUG:root:GET server_index: 0, block_number: 1
DEBUG:root:Datablock: 00000000000000000000000000000000000000000000000000000000000000000000000000000000000001010101010101010101010100000000000000000000
DEBUG:root:Get: 2
DEBUG:root:block_number: 2, server_index: 0, server_block_index:1, parity_server: 1
DEBUG:root:GET server_index: 0, block_number: 1
DEBUG:root:Datablock: 00000000000000000000000000000000000000000000000000000000000000000000000000000000000001010101010101010101010100000000000000000000
DEBUG:root:Get: 2
DEBUG:root:block_number: 2, server_index: 0, server_block_index:1, parity_server: 1
DEBUG:root:GET server_index: 0, block_number: 1
DEBUG:root:Datablock: 00000000000000000000000000000000000000000000000000000000000000000000000000000000000001010101010101010101010100000000000000000000
DEBUG:root:Get: 2
DEBUG:root:block_number: 2, server_index: 0, server_block_index:1, parity_server: 1
DEBUG:root:GET server_index: 0, block_number: 1
DEBUG:root:Datablock: 00000000000000000000000000000000000000000000000000000000000000000000000000000000000001010101010101010101010100000000000000000000
DEBUG:root:Get: 2
DEBUG:root:block_number: 2, server_index: 0, server_block_index:1, parity_server: 1
DEBUG:root:GET server_index: 0, block_number: 1
DEBUG:root:Datablock: 00000000000000000000000000000000000000000000000000000000000000000000000000000000000001010101010101010101010100000000000000000000
DEBUG:root:Get: 2
DEBUG:root:block_number: 2, server_index: 0, server_block_index:1, parity_server: 1
DEBUG:root:GET server_index: 0, block_number: 1
DEBUG:root:Datablock: 00000000000000000000000000000000000000000000000000000000000000000000000000000000000001010101010101010101010100000000000000000000
DEBUG:root:Get: 2
DEBUG:root:block_number: 2, server_index: 0, server_block_index:1, parity_server: 1
DEBUG:root:GET server_index: 0, block_number: 1
DEBUG:root:Datablock: 00000000000000000000000000000000000000000000000000000000000000000000000000000000000001010101010101010101010100000000000000000000
DEBUG:root:Get: 2
DEBUG:root:block_number: 2, server_index: 0, server_block_index:1, parity_server: 1
DEBUG:root:GET server_index: 0, block_number: 1
DEBUG:root:Datablock: 00000000000000000000000000000000000000000000000000000000000000000000000000000000000001010101010101010101010100000000000000000000
DEBUG:root:Get: 2
DEBUG:root:block_number: 2, server_index: 0, server_block_index:1, parity_server: 1
DEBUG:root:GET server_index: 0, block_number: 1
DEBUG:root:Datablock: 00000000000000000000000000000000000000000000000000000000000000000000000000000000000001010101010101010101010100000000000000000000
DEBUG:root:Get: 2
DEBUG:root:block_number: 2, server_index: 0, server_block_index:1, parity_server: 1
DEBUG:root:GET server_index: 0, block_number: 1
DEBUG:root:Datablock: 00000000000000000000000000000000000000000000000000000000000000000000000000000000000001010101010101010101010100000000000000000000
DEBUG:root:Get: 2
DEBUG:root:block_number: 2, server_index: 0, server_block_index:1, parity_server: 1
DEBUG:root:GET server_index: 0, block_number: 1
DEBUG:root:Datablock: 00000000000000000000000000000000000000000000000000000000000000000000000000000000000001010101010101010101010100000000000000000000
DEBUG:root:Get: 2
DEBUG:root:block_number: 2, server_index: 0, server_block_index:1, parity_server: 1
DEBUG:root:GET server_index: 0, block_number: 1
DEBUG:root:Datablock: 00000000000000000000000000000000000000000000000000000000000000000000000000000000000001010101010101010101010100000000000000000000
DEBUG:root:Get: 2
DEBUG:root:block_number: 2, server_index: 0, server_block_index:1, parity_server: 1
DEBUG:root:GET server_index: 0, block_number: 1
DEBUG:root:Datablock: 00000000000000000000000000000000000000000000000000000000000000000000000000000000000001010101010101010101010100000000000000000000
DEBUG:root:Put: block number 2 len 64
00000000000000000000000000000000000000000000000000000000000000000000000000000000000001010101010101010101010101000000000000000000
DEBUG:root:block_number: 2, server_index: 0, server_block_index:1, parity_server: 1
DEBUG:root:GET server_index: 0, block_number: 1
DEBUG:root:Datablock: 00000000000000000000000000000000000000000000000000000000000000000000000000000000000001010101010101010101010100000000000000000000
DEBUG:root:PUT server_index: 0, block_number: 1, data: 00000000000000000000000000000000000000000000000000000000000000000000000000000000000001010101010101010101010101000000000000000000
DEBUG:root:GET server_index: 1, block_number: 1
DEBUG:root:Datablock: 00000000000000000000000000000000000000000000000000000000000000000000000000000000000001010101010101010101010100000000000000000000
DEBUG:root:PUT server_index: 1, block_number: 1, data: 00000000000000000000000000000000000000000000000000000000000000000000000000000000000001010101010101010101010101000000000000000000
DEBUG:root:FileName::AllocateDataBlock: allocated 54
DEBUG:root:Get: 54
DEBUG:root:block_number: 54, server_index: 1, server_block_index:27, parity_server: 0
DEBUG:root:GET server_index: 1, block_number: 27
DEBUG:root:Datablock: 00000000000000000000000000000000000000000000000000000000000000000000000000000000000000000000000000000000000000000000000000000000
DEBUG:root:Put: block number 54 len 64
66666666666666666666666666666666666666666666666666666666666666666666666666666666666666666666666666666666666666666666666666666666
DEBUG:root:block_number: 54, server_index: 1, server_block_index:27, parity_server: 0
DEBUG:root:GET server_index: 1, block_number: 27
DEBUG:root:Datablock: 00000000000000000000000000000000000000000000000000000000000000000000000000000000000000000000000000000000000000000000000000000000
DEBUG:root:PUT server_index: 1, block_number: 27, data: 66666666666666666666666666666666666666666666666666666666666666666666666666666666666666666666666666666666666666666666666666666666
DEBUG:root:GET server_index: 0, block_number: 27
DEBUG:root:Datablock: 00000000000000000000000000000000000000000000000000000000000000000000000000000000000000000000000000000000000000000000000000000000
DEBUG:root:PUT server_index: 0, block_number: 27, data: 66666666666666666666666666666666666666666666666666666666666666666666666666666666666666666666666666666666666666666666666666666666
DEBUG:root:FileOperations::Write: current_offset: 768 , bytes_written: 768 , len(data): 772
DEBUG:root:FileOperations::Write: current_block_index: 12 , next_block_boundary: 832
DEBUG:root:FileOperations::Write: write_start: 0 , write_end: 4
DEBUG:root:FileName::AllocateDataBlock: 
DEBUG:root:Get: 2
DEBUG:root:block_number: 2, server_index: 0, server_block_index:1, parity_server: 1
DEBUG:root:GET server_index: 0, block_number: 1
DEBUG:root:Datablock: 00000000000000000000000000000000000000000000000000000000000000000000000000000000000001010101010101010101010101000000000000000000
DEBUG:root:Get: 2
DEBUG:root:block_number: 2, server_index: 0, server_block_index:1, parity_server: 1
DEBUG:root:GET server_index: 0, block_number: 1
DEBUG:root:Datablock: 00000000000000000000000000000000000000000000000000000000000000000000000000000000000001010101010101010101010101000000000000000000
DEBUG:root:Get: 2
DEBUG:root:block_number: 2, server_index: 0, server_block_index:1, parity_server: 1
DEBUG:root:GET server_index: 0, block_number: 1
DEBUG:root:Datablock: 00000000000000000000000000000000000000000000000000000000000000000000000000000000000001010101010101010101010101000000000000000000
DEBUG:root:Get: 2
DEBUG:root:block_number: 2, server_index: 0, server_block_index:1, parity_server: 1
DEBUG:root:GET server_index: 0, block_number: 1
DEBUG:root:Datablock: 00000000000000000000000000000000000000000000000000000000000000000000000000000000000001010101010101010101010101000000000000000000
DEBUG:root:Get: 2
DEBUG:root:block_number: 2, server_index: 0, server_block_index:1, parity_server: 1
DEBUG:root:GET server_index: 0, block_number: 1
DEBUG:root:Datablock: 00000000000000000000000000000000000000000000000000000000000000000000000000000000000001010101010101010101010101000000000000000000
DEBUG:root:Get: 2
DEBUG:root:block_number: 2, server_index: 0, server_block_index:1, parity_server: 1
DEBUG:root:GET server_index: 0, block_number: 1
DEBUG:root:Datablock: 00000000000000000000000000000000000000000000000000000000000000000000000000000000000001010101010101010101010101000000000000000000
DEBUG:root:Get: 2
DEBUG:root:block_number: 2, server_index: 0, server_block_index:1, parity_server: 1
DEBUG:root:GET server_index: 0, block_number: 1
DEBUG:root:Datablock: 00000000000000000000000000000000000000000000000000000000000000000000000000000000000001010101010101010101010101000000000000000000
DEBUG:root:Get: 2
DEBUG:root:block_number: 2, server_index: 0, server_block_index:1, parity_server: 1
DEBUG:root:GET server_index: 0, block_number: 1
DEBUG:root:Datablock: 00000000000000000000000000000000000000000000000000000000000000000000000000000000000001010101010101010101010101000000000000000000
DEBUG:root:Get: 2
DEBUG:root:block_number: 2, server_index: 0, server_block_index:1, parity_server: 1
DEBUG:root:GET server_index: 0, block_number: 1
DEBUG:root:Datablock: 00000000000000000000000000000000000000000000000000000000000000000000000000000000000001010101010101010101010101000000000000000000
DEBUG:root:Get: 2
DEBUG:root:block_number: 2, server_index: 0, server_block_index:1, parity_server: 1
DEBUG:root:GET server_index: 0, block_number: 1
DEBUG:root:Datablock: 00000000000000000000000000000000000000000000000000000000000000000000000000000000000001010101010101010101010101000000000000000000
DEBUG:root:Get: 2
DEBUG:root:block_number: 2, server_index: 0, server_block_index:1, parity_server: 1
DEBUG:root:GET server_index: 0, block_number: 1
DEBUG:root:Datablock: 00000000000000000000000000000000000000000000000000000000000000000000000000000000000001010101010101010101010101000000000000000000
DEBUG:root:Get: 2
DEBUG:root:block_number: 2, server_index: 0, server_block_index:1, parity_server: 1
DEBUG:root:GET server_index: 0, block_number: 1
DEBUG:root:Datablock: 00000000000000000000000000000000000000000000000000000000000000000000000000000000000001010101010101010101010101000000000000000000
DEBUG:root:Get: 2
DEBUG:root:block_number: 2, server_index: 0, server_block_index:1, parity_server: 1
DEBUG:root:GET server_index: 0, block_number: 1
DEBUG:root:Datablock: 00000000000000000000000000000000000000000000000000000000000000000000000000000000000001010101010101010101010101000000000000000000
DEBUG:root:Get: 2
DEBUG:root:block_number: 2, server_index: 0, server_block_index:1, parity_server: 1
DEBUG:root:GET server_index: 0, block_number: 1
DEBUG:root:Datablock: 00000000000000000000000000000000000000000000000000000000000000000000000000000000000001010101010101010101010101000000000000000000
DEBUG:root:Put: block number 2 len 64
00000000000000000000000000000000000000000000000000000000000000000000000000000000000001010101010101010101010101010000000000000000
DEBUG:root:block_number: 2, server_index: 0, server_block_index:1, parity_server: 1
DEBUG:root:GET server_index: 0, block_number: 1
DEBUG:root:Datablock: 00000000000000000000000000000000000000000000000000000000000000000000000000000000000001010101010101010101010101000000000000000000
DEBUG:root:PUT server_index: 0, block_number: 1, data: 00000000000000000000000000000000000000000000000000000000000000000000000000000000000001010101010101010101010101010000000000000000
DEBUG:root:GET server_index: 1, block_number: 1
DEBUG:root:Datablock: 00000000000000000000000000000000000000000000000000000000000000000000000000000000000001010101010101010101010101000000000000000000
DEBUG:root:PUT server_index: 1, block_number: 1, data: 00000000000000000000000000000000000000000000000000000000000000000000000000000000000001010101010101010101010101010000000000000000
DEBUG:root:FileName::AllocateDataBlock: allocated 55
DEBUG:root:Get: 55
DEBUG:root:block_number: 55, server_index: 2, server_block_index:27, parity_server: 0
DEBUG:root:GET server_index: 2, block_number: 27
DEBUG:root:Datablock: 00000000000000000000000000000000000000000000000000000000000000000000000000000000000000000000000000000000000000000000000000000000
DEBUG:root:Put: block number 55 len 64
66666666000000000000000000000000000000000000000000000000000000000000000000000000000000000000000000000000000000000000000000000000
DEBUG:root:block_number: 55, server_index: 2, server_block_index:27, parity_server: 0
DEBUG:root:GET server_index: 2, block_number: 27
DEBUG:root:Datablock: 00000000000000000000000000000000000000000000000000000000000000000000000000000000000000000000000000000000000000000000000000000000
DEBUG:root:PUT server_index: 2, block_number: 27, data: 66666666000000000000000000000000000000000000000000000000000000000000000000000000000000000000000000000000000000000000000000000000
DEBUG:root:GET server_index: 0, block_number: 27
DEBUG:root:Datablock: 66666666666666666666666666666666666666666666666666666666666666666666666666666666666666666666666666666666666666666666666666666666
DEBUG:root:PUT server_index: 0, block_number: 27, data: 00000000666666666666666666666666666666666666666666666666666666666666666666666666666666666666666666666666666666666666666666666666
DEBUG:root:FileOperations::Write: current_offset: 772 , bytes_written: 772 , len(data): 772
DEBUG:root:InodeNumber::StoreInode: 1
DEBUG:root:InodeNumber::StoreInode: inode_table_raw_block_number 11
DEBUG:root:Get: 11
DEBUG:root:block_number: 11, server_index: 1, server_block_index:5, parity_server: 2
DEBUG:root:GET server_index: 1, block_number: 5
DEBUG:root:Datablock: 00000000000100010000000000000000000000000000000000000000000000000000000000000000000000000000000000000000000000000000000000000000
DEBUG:root:InodeNumber::StoreInode: inode_table_raw_block:
00000000000100010000000000000000000000000000000000000000000000000000000000000000000000000000000000000000000000000000000000000000
DEBUG:root:InodeNumber::StoreInode: start: 0, end: 64
DEBUG:root:InodeNumber::StoreInode: tempblock:
00000304000100010000002b0000002c0000002d0000002e0000002f000000300000003100000032000000330000003400000035000000360000003700000000
DEBUG:root:Put: block number 11 len 64
00000304000100010000002b0000002c0000002d0000002e0000002f000000300000003100000032000000330000003400000035000000360000003700000000
DEBUG:root:block_number: 11, server_index: 1, server_block_index:5, parity_server: 2
DEBUG:root:GET server_index: 1, block_number: 5
DEBUG:root:Datablock: 00000000000100010000000000000000000000000000000000000000000000000000000000000000000000000000000000000000000000000000000000000000
DEBUG:root:PUT server_index: 1, block_number: 5, data: 00000304000100010000002b0000002c0000002d0000002e0000002f000000300000003100000032000000330000003400000035000000360000003700000000
DEBUG:root:GET server_index: 2, block_number: 5
DEBUG:root:Datablock: 00000020000300030000002a00000000000000000000000000000000000000000000000000000000000000000000000000000000000000000000000000000000
DEBUG:root:PUT server_index: 2, block_number: 5, data: 0000032400030003000000010000002c0000002d0000002e0000002f000000300000003100000032000000330000003400000035000000360000003700000000
DEBUG:root:Release
